<?xml version="1.0" encoding="UTF-8"?>
<testng-results ignored="0" total="1" passed="1" failed="0" skipped="0">
  <reporter-output>
  </reporter-output>
  <suite started-at="2026-03-15T11:50:35 IST" name="Suite" finished-at="2026-03-15T11:51:05 IST" duration-ms="30738">
    <groups>
    </groups>
    <test started-at="2026-03-15T11:50:35 IST" name="Test" finished-at="2026-03-15T11:51:05 IST" duration-ms="30738">
      <class name="tests.HomeTest">
        <test-method is-config="true" signature="setUp()[pri:0, instance:tests.HomeTest@40ef3420]" started-at="2026-03-15T11:50:35 IST" name="setUp" finished-at="2026-03-15T11:51:00 IST" duration-ms="24881" status="PASS">
          <reporter-output>
          </reporter-output>
        </test-method> <!-- setUp -->
        <test-method is-config="true" signature="setupPage()[pri:0, instance:tests.HomeTest@40ef3420]" started-at="2026-03-15T11:51:00 IST" name="setupPage" finished-at="2026-03-15T11:51:01 IST" duration-ms="605" status="PASS">
          <reporter-output>
          </reporter-output>
        </test-method> <!-- setupPage -->
        <test-method signature="verifyNoHorizontalScrollOnMobileView()[pri:0, instance:tests.HomeTest@40ef3420]" started-at="2026-03-15T11:51:01 IST" name="verifyNoHorizontalScrollOnMobileView" finished-at="2026-03-15T11:51:02 IST" duration-ms="1404" status="PASS">
          <reporter-output>
          </reporter-output>
        </test-method> <!-- verifyNoHorizontalScrollOnMobileView -->
        <test-method is-config="true" signature="tearDown()[pri:0, instance:tests.HomeTest@40ef3420]" started-at="2026-03-15T11:51:03 IST" name="tearDown" finished-at="2026-03-15T11:51:05 IST" duration-ms="2804" status="PASS">
          <reporter-output>
          </reporter-output>
        </test-method> <!-- tearDown -->
      </class> <!-- tests.HomeTest -->
    </test> <!-- Test -->
  </suite> <!-- Suite -->
</testng-results>
